{"time":"2024-08-10T21:16:32.514789627+05:00","level":"INFO","msg":"Application started"}
{"time":"2024-08-10T21:16:32.525457093+05:00","level":"ERROR","msg":"Database connection error","error":"pq: password authentication failed for user \"postgres\""}
{"time":"2024-08-10T21:16:47.946376283+05:00","level":"INFO","msg":"Application started"}
{"time":"2024-08-10T21:16:47.957436947+05:00","level":"INFO","msg":"Starting GRPC server"}
{"time":"2024-08-10T21:17:54.942455367+05:00","level":"ERROR","msg":"Token not found in context"}
{"time":"2024-08-12T20:05:26.717922894+05:00","level":"ERROR","msg":"Internal Server Error","error":"rpc error: code = Unimplemented desc = unknown service finance_management.FinanceManagementService"}
{"time":"2024-08-12T20:10:50.574433821+05:00","level":"ERROR","msg":"Internal Server Error","error":"rpc error: code = Unimplemented desc = unknown service finance_management.FinanceManagementService"}
{"time":"2024-08-13T08:42:43.271077964+05:00","level":"ERROR","msg":"Invalid request body","error":"strconv.ParseInt: parsing \"dfafdadsf \": invalid syntax"}
{"time":"2024-08-13T08:43:20.651699508+05:00","level":"ERROR","msg":"Invalid request body","error":"strconv.ParseInt: parsing \"expense\": invalid syntax"}
{"time":"2024-08-13T08:43:34.320285075+05:00","level":"ERROR","msg":"Invalid request body","error":"strconv.ParseInt: parsing \"EXPENSE\": invalid syntax"}
{"time":"2024-08-13T08:43:55.970492473+05:00","level":"ERROR","msg":"Invalid request body","error":"strconv.ParseInt: parsing \"expense\": invalid syntax"}
{"time":"2024-08-13T08:44:19.740754587+05:00","level":"ERROR","msg":"Internal Server Error","error":"rpc error: code = Unavailable desc = connection error: desc = \"transport: Error while dialing: dial tcp 127.0.0.1:50051: connect: connection refused\""}
{"time":"2024-08-13T15:53:03.157899252+05:00","level":"ERROR","msg":"Missing token claims","error":"http: named cookie not present"}
{"time":"2024-08-13T15:57:50.158818283+05:00","level":"ERROR","msg":"Missing token claims","error":"http: named cookie not present"}
{"time":"2024-08-13T15:58:27.229384163+05:00","level":"ERROR","msg":"Missing token claims","error":"http: named cookie not present"}
{"time":"2024-08-13T16:00:50.572866832+05:00","level":"ERROR","msg":"Missing token claims","error":"http: named cookie not present"}
{"time":"2024-08-13T16:01:52.235045569+05:00","level":"ERROR","msg":"Missing token claims","error":"http: named cookie not present"}
{"time":"2024-08-13T16:48:00.371245949+05:00","level":"ERROR","msg":"Missing token claims","error":"http: named cookie not present"}
{"time":"2024-08-13T16:49:00.36129496+05:00","level":"ERROR","msg":"Missing token claims","error":"http: named cookie not present"}
{"time":"2024-08-13T18:05:00.022970857+05:00","level":"ERROR","msg":"Missing token claims","error":"http: named cookie not present"}
{"time":"2024-08-13T18:06:59.431267386+05:00","level":"ERROR","msg":"Missing token claims","error":"http: named cookie not present"}
{"time":"2024-08-13T18:12:11.743612381+05:00","level":"ERROR","msg":"Invalid access token","error":"cannot parse token claims"}
{"time":"2024-08-13T18:13:22.696755179+05:00","level":"ERROR","msg":"Invalid access token","error":"cannot parse token claims"}
{"time":"2024-08-13T18:13:48.615248576+05:00","level":"ERROR","msg":"Invalid access token","error":"cannot parse token claims"}
{"time":"2024-08-13T18:14:45.628972725+05:00","level":"ERROR","msg":"Invalid access token","error":"cannot parse token claims"}
{"time":"2024-08-13T18:15:32.189230228+05:00","level":"ERROR","msg":"Invalid access token","error":"cannot parse token claims"}
{"time":"2024-08-13T18:16:19.70776816+05:00","level":"ERROR","msg":"Invalid access token","error":"cannot parse token claims"}
{"time":"2024-08-13T18:17:01.750182366+05:00","level":"ERROR","msg":"Invalid access token","error":"cannot parse token claims"}
{"time":"2024-08-13T18:17:24.093554384+05:00","level":"ERROR","msg":"Invalid access token","error":"cannot parse token claims"}
{"time":"2024-08-13T18:17:48.691941217+05:00","level":"ERROR","msg":"Invalid access token","error":"cannot parse token claims"}
{"time":"2024-08-13T18:18:57.361225718+05:00","level":"ERROR","msg":"Invalid access token","error":"cannot parse token claims"}
{"time":"2024-08-13T18:19:42.255058572+05:00","level":"ERROR","msg":"Invalid access token","error":"cannot parse token claims"}
{"time":"2024-08-13T18:20:49.219402965+05:00","level":"ERROR","msg":"Invalid access token","error":"cannot parse token claims"}
{"time":"2024-08-13T18:21:13.668696758+05:00","level":"ERROR","msg":"Invalid access token","error":"cannot parse token claims"}
{"time":"2024-08-13T18:21:59.283248017+05:00","level":"ERROR","msg":"Invalid access token","error":"cannot parse token claims"}
{"time":"2024-08-13T18:23:13.943074388+05:00","level":"ERROR","msg":"Invalid access token","error":"cannot parse token claims"}
{"time":"2024-08-13T18:25:09.394652056+05:00","level":"ERROR","msg":"Internal Server Error","error":"rpc error: code = Unavailable desc = connection error: desc = \"transport: Error while dialing: dial tcp 127.0.0.1:50051: connect: connection refused\""}
{"time":"2024-08-13T18:25:35.892599333+05:00","level":"ERROR","msg":"Internal Server Error","error":"rpc error: code = Unknown desc = mongo: no documents in result"}
{"time":"2024-08-13T18:31:04.832507869+05:00","level":"ERROR","msg":"Internal Server Error","error":"rpc error: code = Unknown desc = error decoding key type: cannot decode 32-bit integer into a string type"}
{"time":"2024-08-13T18:31:44.614503153+05:00","level":"ERROR","msg":"Internal Server Error","error":"rpc error: code = Unknown desc = error decoding key type: cannot decode 32-bit integer into a string type"}
{"time":"2024-08-13T18:32:32.332060365+05:00","level":"ERROR","msg":"Internal Server Error","error":"rpc error: code = Unknown desc = error decoding key type: cannot decode 32-bit integer into a string type"}
{"time":"2024-08-13T18:38:31.158375904+05:00","level":"ERROR","msg":"Internal Server Error","error":"rpc error: code = Unavailable desc = connection error: desc = \"transport: Error while dialing: dial tcp 127.0.0.1:50051: connect: connection refused\""}
{"time":"2024-08-13T18:40:06.5640081+05:00","level":"ERROR","msg":"Internal Server Error","error":"rpc error: code = Unknown desc = mongo: no documents in result"}
{"time":"2024-08-13T18:40:25.207691396+05:00","level":"ERROR","msg":"Internal Server Error","error":"rpc error: code = Unknown desc = error decoding key type: cannot decode 32-bit integer into a string type"}
{"time":"2024-08-13T19:14:42.434666151+05:00","level":"ERROR","msg":"Failed to produce message","error":"[5] Leader Not Available: the cluster is in the middle of a leadership election and there is currently no leader for this partition and hence it is unavailable for writes"}
{"time":"2024-08-13T19:54:36.238491221+05:00","level":"ERROR","msg":"Internal Server Error","error":"rpc error: code = Unknown desc = cannot marshal type mongo.Pipeline to a BSON Document: WriteArray can only write a Array while positioned on a Element or Value but is positioned on a TopLevel"}
{"time":"2024-08-13T20:04:41.407421988+05:00","level":"ERROR","msg":"Internal Server Error","error":"rpc error: code = Unknown desc = (Location40324) Unrecognized pipeline stage name: 'delete_at'"}
{"time":"2024-08-13T20:30:45.697318565+05:00","level":"ERROR","msg":"Internal Server Error","error":"rpc error: code = Unknown desc = cannot marshal type mongo.Pipeline to a BSON Document: WriteArray can only write a Array while positioned on a Element or Value but is positioned on a TopLevel"}
{"time":"2024-08-13T20:34:27.254198896+05:00","level":"ERROR","msg":"Internal Server Error","error":"rpc error: code = Unknown desc = (Location40324) Unrecognized pipeline stage name: 'deleted_at'"}
{"time":"2024-08-13T20:35:56.910601629+05:00","level":"ERROR","msg":"Internal Server Error","error":"rpc error: code = Unavailable desc = connection error: desc = \"transport: Error while dialing: dial tcp 127.0.0.1:50051: connect: connection refused\""}
